<?xml version="1.0" encoding="utf-8"?>
<!DOCTYPE coverage SYSTEM "http://cobertura.sourceforge.net/xml/coverage-04.dtd">
<coverage line-rate="0.8573578092085465" branch-rate="0.7981366459627329" lines-covered="2849" lines-valid="3323" branches-covered="514" branches-valid="644" complexity="920" version="0" timestamp="1756058528">
  <sources>
    <source>C:\Bianca\Cognizant-Summer-Practice\backend\backend-messages\</source>
  </sources>
  <packages>
    <package name="backend-messages" line-rate="0.8573578092085465" branch-rate="0.7981366459627329" complexity="920">
      <classes>
        <class name="BackendMessages.Config.ApiDocumentationConfiguration" filename="C:\Bianca\Cognizant-Summer-Practice\backend\backend-messages\Config\ApiDocumentationConfiguration.cs" line-rate="1" branch-rate="1" complexity="1">
          <methods>
            <method name="AddApiDocumentation" signature="(Microsoft.Extensions.DependencyInjection.IServiceCollection)" line-rate="1" branch-rate="1" complexity="1">
              <lines>
                <line number="14" hits="2" branch="false" />
                <line number="15" hits="2" branch="false" />
                <line number="17" hits="2" branch="false" />
                <line number="18" hits="2" branch="false" />
              </lines>
            </method>
          </methods>
          <lines>
            <line number="14" hits="2" branch="false" />
            <line number="15" hits="2" branch="false" />
            <line number="17" hits="2" branch="false" />
            <line number="18" hits="2" branch="false" />
          </lines>
        </class>
        <class name="BackendMessages.Config.CorsConfiguration" filename="C:\Bianca\Cognizant-Summer-Practice\backend\backend-messages\Config\CorsConfiguration.cs" line-rate="0.9259259259259259" branch-rate="0.875" complexity="8">
          <methods>
            <method name="AddCorsConfiguration" signature="(Microsoft.Extensions.DependencyInjection.IServiceCollection,Microsoft.Extensions.Configuration.IConfiguration)" line-rate="1" branch-rate="1" complexity="2">
              <lines>
                <line number="15" hits="4" branch="false" />
                <line number="16" hits="4" branch="false" />
                <line number="18" hits="8" branch="true" condition-coverage="100% (2/2)" />
                <line number="19" hits="8" branch="false" />
                <line number="20" hits="12" branch="false" />
                <line number="21" hits="12" branch="false" />
                <line number="22" hits="12" branch="false" />
                <line number="23" hits="12" branch="false" />
                <line number="25" hits="4" branch="false" />
                <line number="26" hits="4" branch="false" />
              </lines>
            </method>
            <method name="GetFrontendUrls" signature="(Microsoft.Extensions.Configuration.IConfiguration)" line-rate="0.8823529411764706" branch-rate="0.8333333333333334" complexity="6">
              <lines>
                <line number="34" hits="4" branch="false" />
                <line number="35" hits="4" branch="false" />
                <line number="36" hits="4" branch="true" condition-coverage="50% (1/2)" />
                <line number="37" hits="0" branch="false" />
                <line number="38" hits="0" branch="false" />
                <line number="41" hits="4" branch="false" />
                <line number="43" hits="4" branch="true" condition-coverage="100% (4/4)" />
                <line number="44" hits="2" branch="false" />
                <line number="45" hits="2" branch="false" />
                <line number="49" hits="2" branch="false" />
                <line number="50" hits="2" branch="false" />
                <line number="51" hits="2" branch="false" />
                <line number="52" hits="2" branch="false" />
                <line number="53" hits="2" branch="false" />
                <line number="54" hits="2" branch="false" />
                <line number="55" hits="2" branch="false" />
                <line number="56" hits="4" branch="false" />
              </lines>
            </method>
          </methods>
          <lines>
            <line number="15" hits="4" branch="false" />
            <line number="16" hits="4" branch="false" />
            <line number="18" hits="8" branch="true" condition-coverage="100% (2/2)" />
            <line number="19" hits="8" branch="false" />
            <line number="20" hits="12" branch="false" />
            <line number="21" hits="12" branch="false" />
            <line number="22" hits="12" branch="false" />
            <line number="23" hits="12" branch="false" />
            <line number="25" hits="4" branch="false" />
            <line number="26" hits="4" branch="false" />
            <line number="34" hits="4" branch="false" />
            <line number="35" hits="4" branch="false" />
            <line number="36" hits="4" branch="true" condition-coverage="50% (1/2)" />
            <line number="37" hits="0" branch="false" />
            <line number="38" hits="0" branch="false" />
            <line number="41" hits="4" branch="false" />
            <line number="43" hits="4" branch="true" condition-coverage="100% (4/4)" />
            <line number="44" hits="2" branch="false" />
            <line number="45" hits="2" branch="false" />
            <line number="49" hits="2" branch="false" />
            <line number="50" hits="2" branch="false" />
            <line number="51" hits="2" branch="false" />
            <line number="52" hits="2" branch="false" />
            <line number="53" hits="2" branch="false" />
            <line number="54" hits="2" branch="false" />
            <line number="55" hits="2" branch="false" />
            <line number="56" hits="4" branch="false" />
          </lines>
        </class>
        <class name="BackendMessages.Config.DatabaseConfiguration" filename="C:\Bianca\Cognizant-Summer-Practice\backend\backend-messages\Config\DatabaseConfiguration.cs" line-rate="1" branch-rate="1" complexity="2">
          <methods>
            <method name="AddDatabaseServices" signature="(Microsoft.Extensions.DependencyInjection.IServiceCollection,Microsoft.Extensions.Configuration.IConfiguration)" line-rate="1" branch-rate="1" complexity="2">
              <lines>
                <line number="18" hits="5" branch="false" />
                <line number="19" hits="5" branch="true" condition-coverage="100% (2/2)" />
                <line number="20" hits="5" branch="false" />
                <line number="22" hits="2" branch="false" />
                <line number="23" hits="4" branch="false" />
                <line number="25" hits="2" branch="false" />
                <line number="26" hits="2" branch="false" />
              </lines>
            </method>
          </methods>
          <lines>
            <line number="18" hits="5" branch="false" />
            <line number="19" hits="5" branch="true" condition-coverage="100% (2/2)" />
            <line number="20" hits="5" branch="false" />
            <line number="22" hits="2" branch="false" />
            <line number="23" hits="4" branch="false" />
            <line number="25" hits="2" branch="false" />
            <line number="26" hits="2" branch="false" />
          </lines>
        </class>
        <class name="BackendMessages.Config.HttpClientConfiguration" filename="C:\Bianca\Cognizant-Summer-Practice\backend\backend-messages\Config\HttpClientConfiguration.cs" line-rate="0.9333333333333333" branch-rate="1" complexity="7">
          <methods>
            <method name="AddHttpClientConfiguration" signature="(Microsoft.Extensions.DependencyInjection.IServiceCollection,Microsoft.Extensions.Configuration.IConfiguration)" line-rate="0.9" branch-rate="1" complexity="1">
              <lines>
                <line number="19" hits="3" branch="false" />
                <line number="20" hits="3" branch="false" />
                <line number="23" hits="3" branch="false" />
                <line number="24" hits="3" branch="false" />
                <line number="25" hits="3" branch="false" />
                <line number="26" hits="3" branch="false" />
                <line number="27" hits="3" branch="false" />
                <line number="28" hits="3" branch="false" />
                <line number="29" hits="3" branch="false" />
                <line number="30" hits="3" branch="false" />
                <line number="31" hits="3" branch="false" />
                <line number="32" hits="3" branch="false" />
                <line number="33" hits="3" branch="false" />
                <line number="36" hits="3" branch="false" />
                <line number="37" hits="0" branch="false" />
                <line number="38" hits="0" branch="false" />
                <line number="39" hits="3" branch="false" />
                <line number="42" hits="3" branch="false" />
                <line number="44" hits="3" branch="false" />
                <line number="45" hits="3" branch="false" />
              </lines>
            </method>
            <method name="GetHttpClientSettings" signature="(Microsoft.Extensions.Configuration.IConfiguration)" line-rate="1" branch-rate="1" complexity="1">
              <lines>
                <line number="53" hits="3" branch="false" />
                <line number="54" hits="3" branch="false" />
                <line number="55" hits="3" branch="false" />
                <line number="56" hits="3" branch="false" />
                <line number="57" hits="3" branch="false" />
              </lines>
            </method>
            <method name="get_Timeout" signature="()" line-rate="1" branch-rate="1" complexity="1">
              <lines>
                <line number="64" hits="9" branch="false" />
              </lines>
            </method>
            <method name="get_UserAgent" signature="()" line-rate="1" branch-rate="1" complexity="1">
              <lines>
                <line number="65" hits="9" branch="false" />
              </lines>
            </method>
            <method name="get_MaxConnectionsPerServer" signature="()" line-rate="1" branch-rate="1" complexity="1">
              <lines>
                <line number="66" hits="9" branch="false" />
              </lines>
            </method>
            <method name="get_UseCookies" signature="()" line-rate="1" branch-rate="1" complexity="1">
              <lines>
                <line number="67" hits="9" branch="false" />
              </lines>
            </method>
            <method name="get_HandlerLifetime" signature="()" line-rate="1" branch-rate="1" complexity="1">
              <lines>
                <line number="68" hits="9" branch="false" />
              </lines>
            </method>
          </methods>
          <lines>
            <line number="19" hits="3" branch="false" />
            <line number="20" hits="3" branch="false" />
            <line number="23" hits="3" branch="false" />
            <line number="24" hits="3" branch="false" />
            <line number="25" hits="3" branch="false" />
            <line number="26" hits="3" branch="false" />
            <line number="27" hits="3" branch="false" />
            <line number="28" hits="3" branch="false" />
            <line number="29" hits="3" branch="false" />
            <line number="30" hits="3" branch="false" />
            <line number="31" hits="3" branch="false" />
            <line number="32" hits="3" branch="false" />
            <line number="33" hits="3" branch="false" />
            <line number="36" hits="3" branch="false" />
            <line number="37" hits="0" branch="false" />
            <line number="38" hits="0" branch="false" />
            <line number="39" hits="3" branch="false" />
            <line number="42" hits="3" branch="false" />
            <line number="44" hits="3" branch="false" />
            <line number="45" hits="3" branch="false" />
            <line number="53" hits="3" branch="false" />
            <line number="54" hits="3" branch="false" />
            <line number="55" hits="3" branch="false" />
            <line number="56" hits="3" branch="false" />
            <line number="57" hits="3" branch="false" />
            <line number="64" hits="9" branch="false" />
            <line number="65" hits="9" branch="false" />
            <line number="66" hits="9" branch="false" />
            <line number="67" hits="9" branch="false" />
            <line number="68" hits="9" branch="false" />
          </lines>
        </class>
        <class name="BackendMessages.Config.JsonConfiguration" filename="C:\Bianca\Cognizant-Summer-Practice\backend\backend-messages\Config\JsonConfiguration.cs" line-rate="1" branch-rate="1" complexity="1">
          <methods>
            <method name="AddJsonConfiguration" signature="(Microsoft.Extensions.DependencyInjection.IServiceCollection)" line-rate="1" branch-rate="1" complexity="1">
              <lines>
                <line number="14" hits="3" branch="false" />
                <line number="15" hits="3" branch="false" />
                <line number="16" hits="3" branch="false" />
                <line number="17" hits="3" branch="false" />
                <line number="18" hits="3" branch="false" />
                <line number="19" hits="3" branch="false" />
                <line number="20" hits="6" branch="false" />
                <line number="22" hits="3" branch="false" />
                <line number="23" hits="3" branch="false" />
              </lines>
            </method>
          </methods>
          <lines>
            <line number="14" hits="3" branch="false" />
            <line number="15" hits="3" branch="false" />
            <line number="16" hits="3" branch="false" />
            <line number="17" hits="3" branch="false" />
            <line number="18" hits="3" branch="false" />
            <line number="19" hits="3" branch="false" />
            <line number="20" hits="6" branch="false" />
            <line number="22" hits="3" branch="false" />
            <line number="23" hits="3" branch="false" />
          </lines>
        </class>
        <class name="BackendMessages.Config.MiddlewareConfiguration" filename="C:\Bianca\Cognizant-Summer-Practice\backend\backend-messages\Config\MiddlewareConfiguration.cs" line-rate="1" branch-rate="1" complexity="3">
          <methods>
            <method name="UseApplicationMiddleware" signature="(Microsoft.AspNetCore.Builder.WebApplication)" line-rate="1" branch-rate="1" complexity="2">
              <lines>
                <line number="16" hits="6" branch="false" />
                <line number="17" hits="6" branch="true" condition-coverage="100% (2/2)" />
                <line number="18" hits="3" branch="false" />
                <line number="19" hits="3" branch="false" />
                <line number="20" hits="3" branch="false" />
                <line number="22" hits="6" branch="false" />
                <line number="23" hits="6" branch="false" />
                <line number="24" hits="6" branch="false" />
                <line number="25" hits="6" branch="false" />
                <line number="26" hits="6" branch="false" />
                <line number="28" hits="6" branch="false" />
                <line number="29" hits="6" branch="false" />
              </lines>
            </method>
            <method name="ConfigureDevelopmentMiddleware" signature="(Microsoft.AspNetCore.Builder.WebApplication)" line-rate="1" branch-rate="1" complexity="1">
              <lines>
                <line number="37" hits="3" branch="false" />
                <line number="38" hits="3" branch="false" />
                <line number="39" hits="3" branch="false" />
                <line number="40" hits="3" branch="false" />
                <line number="41" hits="3" branch="false" />
                <line number="42" hits="3" branch="false" />
                <line number="43" hits="6" branch="false" />
                <line number="45" hits="3" branch="false" />
                <line number="46" hits="3" branch="false" />
              </lines>
            </method>
          </methods>
          <lines>
            <line number="16" hits="6" branch="false" />
            <line number="17" hits="6" branch="true" condition-coverage="100% (2/2)" />
            <line number="18" hits="3" branch="false" />
            <line number="19" hits="3" branch="false" />
            <line number="20" hits="3" branch="false" />
            <line number="22" hits="6" branch="false" />
            <line number="23" hits="6" branch="false" />
            <line number="24" hits="6" branch="false" />
            <line number="25" hits="6" branch="false" />
            <line number="26" hits="6" branch="false" />
            <line number="28" hits="6" branch="false" />
            <line number="29" hits="6" branch="false" />
            <line number="37" hits="3" branch="false" />
            <line number="38" hits="3" branch="false" />
            <line number="39" hits="3" branch="false" />
            <line number="40" hits="3" branch="false" />
            <line number="41" hits="3" branch="false" />
            <line number="42" hits="3" branch="false" />
            <line number="43" hits="6" branch="false" />
            <line number="45" hits="3" branch="false" />
            <line number="46" hits="3" branch="false" />
          </lines>
        </class>
        <class name="BackendMessages.Config.SchedulerConfiguration" filename="C:\Bianca\Cognizant-Summer-Practice\backend\backend-messages\Config\SchedulerConfiguration.cs" line-rate="0" branch-rate="0" complexity="4">
          <methods>
            <method name="AddSchedulerServices" signature="(Microsoft.Extensions.DependencyInjection.IServiceCollection,Microsoft.Extensions.Configuration.IConfiguration)" line-rate="0" branch-rate="0" complexity="4">
              <lines>
                <line number="23" hits="0" branch="false" />
                <line number="25" hits="0" branch="false" />
                <line number="26" hits="0" branch="false" />
                <line number="28" hits="0" branch="true" condition-coverage="0% (0/2)" />
                <line number="31" hits="0" branch="false" />
                <line number="32" hits="0" branch="false" />
                <line number="33" hits="0" branch="false" />
                <line number="34" hits="0" branch="false" />
                <line number="35" hits="0" branch="false" />
                <line number="36" hits="0" branch="false" />
                <line number="37" hits="0" branch="false" />
                <line number="38" hits="0" branch="false" />
                <line number="39" hits="0" branch="false" />
                <line number="40" hits="0" branch="false" />
                <line number="41" hits="0" branch="false" />
                <line number="42" hits="0" branch="false" />
                <line number="43" hits="0" branch="false" />
                <line number="44" hits="0" branch="false" />
                <line number="45" hits="0" branch="false" />
                <line number="46" hits="0" branch="false" />
                <line number="47" hits="0" branch="false" />
                <line number="48" hits="0" branch="false" />
                <line number="51" hits="0" branch="false" />
                <line number="53" hits="0" branch="true" condition-coverage="0% (0/2)" />
                <line number="55" hits="0" branch="false" />
                <line number="56" hits="0" branch="false" />
              </lines>
            </method>
          </methods>
          <lines>
            <line number="23" hits="0" branch="false" />
            <line number="25" hits="0" branch="false" />
            <line number="26" hits="0" branch="false" />
            <line number="28" hits="0" branch="true" condition-coverage="0% (0/2)" />
            <line number="31" hits="0" branch="false" />
            <line number="32" hits="0" branch="false" />
            <line number="33" hits="0" branch="false" />
            <line number="34" hits="0" branch="false" />
            <line number="35" hits="0" branch="false" />
            <line number="36" hits="0" branch="false" />
            <line number="37" hits="0" branch="false" />
            <line number="38" hits="0" branch="false" />
            <line number="39" hits="0" branch="false" />
            <line number="40" hits="0" branch="false" />
            <line number="41" hits="0" branch="false" />
            <line number="42" hits="0" branch="false" />
            <line number="43" hits="0" branch="false" />
            <line number="44" hits="0" branch="false" />
            <line number="45" hits="0" branch="false" />
            <line number="46" hits="0" branch="false" />
            <line number="47" hits="0" branch="false" />
            <line number="48" hits="0" branch="false" />
            <line number="51" hits="0" branch="false" />
            <line number="53" hits="0" branch="true" condition-coverage="0% (0/2)" />
            <line number="55" hits="0" branch="false" />
            <line number="56" hits="0" branch="false" />
          </lines>
        </class>
        <class name="BackendMessages.Config.ServiceRegistrationConfiguration" filename="C:\Bianca\Cognizant-Summer-Practice\backend\backend-messages\Config\ServiceRegistrationConfiguration.cs" line-rate="1" branch-rate="1" complexity="4">
          <methods>
            <method name="AddApplicationServices" signature="(Microsoft.Extensions.DependencyInjection.IServiceCollection)" line-rate="1" branch-rate="1" complexity="1">
              <lines>
                <line number="18" hits="3" branch="false" />
                <line number="19" hits="3" branch="false" />
                <line number="20" hits="3" branch="false" />
                <line number="21" hits="3" branch="false" />
                <line number="23" hits="3" branch="false" />
                <line number="24" hits="3" branch="false" />
              </lines>
            </method>
            <method name="AddRepositoryServices" signature="(Microsoft.Extensions.DependencyInjection.IServiceCollection)" line-rate="1" branch-rate="1" complexity="1">
              <lines>
                <line number="32" hits="3" branch="false" />
                <line number="33" hits="3" branch="false" />
                <line number="34" hits="3" branch="false" />
                <line number="35" hits="3" branch="false" />
                <line number="37" hits="3" branch="false" />
                <line number="38" hits="3" branch="false" />
              </lines>
            </method>
            <method name="AddBusinessServices" signature="(Microsoft.Extensions.DependencyInjection.IServiceCollection)" line-rate="1" branch-rate="1" complexity="1">
              <lines>
                <line number="46" hits="3" branch="false" />
                <line number="47" hits="3" branch="false" />
                <line number="48" hits="3" branch="false" />
                <line number="49" hits="3" branch="false" />
                <line number="50" hits="3" branch="false" />
                <line number="51" hits="3" branch="false" />
                <line number="52" hits="3" branch="false" />
                <line number="53" hits="3" branch="false" />
                <line number="54" hits="3" branch="false" />
                <line number="56" hits="3" branch="false" />
                <line number="57" hits="3" branch="false" />
              </lines>
            </method>
            <method name="AddAuthenticationServices" signature="(Microsoft.Extensions.DependencyInjection.IServiceCollection)" line-rate="1" branch-rate="1" complexity="1">
              <lines>
                <line number="65" hits="3" branch="false" />
                <line number="66" hits="3" branch="false" />
                <line number="68" hits="3" branch="false" />
                <line number="69" hits="3" branch="false" />
              </lines>
            </method>
          </methods>
          <lines>
            <line number="18" hits="3" branch="false" />
            <line number="19" hits="3" branch="false" />
            <line number="20" hits="3" branch="false" />
            <line number="21" hits="3" branch="false" />
            <line number="23" hits="3" branch="false" />
            <line number="24" hits="3" branch="false" />
            <line number="32" hits="3" branch="false" />
            <line number="33" hits="3" branch="false" />
            <line number="34" hits="3" branch="false" />
            <line number="35" hits="3" branch="false" />
            <line number="37" hits="3" branch="false" />
            <line number="38" hits="3" branch="false" />
            <line number="46" hits="3" branch="false" />
            <line number="47" hits="3" branch="false" />
            <line number="48" hits="3" branch="false" />
            <line number="49" hits="3" branch="false" />
            <line number="50" hits="3" branch="false" />
            <line number="51" hits="3" branch="false" />
            <line number="52" hits="3" branch="false" />
            <line number="53" hits="3" branch="false" />
            <line number="54" hits="3" branch="false" />
            <line number="56" hits="3" branch="false" />
            <line number="57" hits="3" branch="false" />
            <line number="65" hits="3" branch="false" />
            <line number="66" hits="3" branch="false" />
            <line number="68" hits="3" branch="false" />
            <line number="69" hits="3" branch="false" />
          </lines>
        </class>
        <class name="BackendMessages.Config.SignalRConfiguration" filename="C:\Bianca\Cognizant-Summer-Practice\backend\backend-messages\Config\SignalRConfiguration.cs" line-rate="1" branch-rate="1" complexity="2">
          <methods>
            <method name="AddSignalRConfiguration" signature="(Microsoft.Extensions.DependencyInjection.IServiceCollection)" line-rate="1" branch-rate="1" complexity="1">
              <lines>
                <line number="16" hits="3" branch="false" />
                <line number="17" hits="3" branch="false" />
                <line number="18" hits="3" branch="false" />
                <line number="19" hits="3" branch="false" />
              </lines>
            </method>
            <method name="MapSignalRHubs" signature="(Microsoft.AspNetCore.Builder.WebApplication)" line-rate="1" branch-rate="1" complexity="1">
              <lines>
                <line number="27" hits="3" branch="false" />
                <line number="28" hits="3" branch="false" />
                <line number="29" hits="3" branch="false" />
                <line number="30" hits="3" branch="false" />
              </lines>
            </method>
          </methods>
          <lines>
            <line number="16" hits="3" branch="false" />
            <line number="17" hits="3" branch="false" />
            <line number="18" hits="3" branch="false" />
            <line number="19" hits="3" branch="false" />
            <line number="27" hits="3" branch="false" />
            <line number="28" hits="3" branch="false" />
            <line number="29" hits="3" branch="false" />
            <line number="30" hits="3" branch="false" />
          </lines>
        </class>
        <class name="BackendMessages.Controllers.ConversationsController" filename="C:\Bianca\Cognizant-Summer-Practice\backend\backend-messages\Controllers\ConversationsController.cs" line-rate="0.7445887445887446" branch-rate="0.6538461538461539" complexity="53">
          <methods>
            <method name="GetAuthenticatedUserId" signature="()" line-rate="1" branch-rate="1" complexity="4">
              <lines>
                <line number="32" hits="63" branch="false" />
                <line number="33" hits="63" branch="true" condition-coverage="100% (2/2)" />
                <line number="34" hits="63" branch="true" condition-coverage="100% (2/2)" />
                <line number="35" hits="51" branch="false" />
                <line number="36" hits="51" branch="false" />
                <line number="38" hits="12" branch="false" />
                <line number="39" hits="63" branch="false" />
              </lines>
            </method>
            <method name=".ctor" signature="(BackendMessages.Data.MessagesDbContext,Microsoft.Extensions.Logging.ILogger`1&lt;BackendMessages.Controllers.ConversationsController&gt;,BackendMessages.Services.Abstractions.IConversationService)" line-rate="1" branch-rate="1" complexity="1">
              <lines>
                <line number="20" hits="63" branch="false" />
                <line number="21" hits="63" branch="false" />
                <line number="22" hits="63" branch="false" />
                <line number="23" hits="63" branch="false" />
                <line number="24" hits="63" branch="false" />
                <line number="25" hits="63" branch="false" />
              </lines>
            </method>
            <method name="CreateOrGetConversation" signature="()" line-rate="0.6052631578947368" branch-rate="0.5714285714285714" complexity="14">
              <lines>
                <line number="111" hits="15" branch="false" />
                <line number="113" hits="15" branch="false" />
                <line number="115" hits="15" branch="false" />
                <line number="116" hits="15" branch="true" condition-coverage="100% (2/2)" />
                <line number="117" hits="3" branch="false" />
                <line number="118" hits="3" branch="false" />
                <line number="121" hits="12" branch="true" condition-coverage="75% (3/4)" />
                <line number="122" hits="3" branch="false" />
                <line number="123" hits="3" branch="false" />
                <line number="126" hits="9" branch="true" condition-coverage="100% (2/2)" />
                <line number="127" hits="3" branch="false" />
                <line number="128" hits="3" branch="false" />
                <line number="132" hits="6" branch="false" />
                <line number="133" hits="6" branch="false" />
                <line number="134" hits="6" branch="false" />
                <line number="135" hits="6" branch="false" />
                <line number="136" hits="6" branch="false" />
                <line number="138" hits="3" branch="true" condition-coverage="50% (1/2)" />
                <line number="139" hits="0" branch="false" />
                <line number="140" hits="0" branch="true" condition-coverage="0% (0/4)" />
                <line number="141" hits="0" branch="false" />
                <line number="142" hits="0" branch="false" />
                <line number="143" hits="0" branch="false" />
                <line number="144" hits="0" branch="false" />
                <line number="145" hits="0" branch="false" />
                <line number="146" hits="0" branch="false" />
                <line number="147" hits="0" branch="false" />
                <line number="148" hits="0" branch="false" />
                <line number="149" hits="0" branch="false" />
                <line number="150" hits="0" branch="false" />
                <line number="151" hits="0" branch="false" />
                <line number="152" hits="0" branch="false" />
                <line number="153" hits="0" branch="false" />
                <line number="154" hits="0" branch="false" />
                <line number="155" hits="0" branch="false" />
                <line number="156" hits="0" branch="false" />
                <line number="157" hits="0" branch="false" />
                <line number="158" hits="0" branch="false" />
                <line number="159" hits="0" branch="false" />
                <line number="160" hits="0" branch="false" />
                <line number="161" hits="0" branch="false" />
                <line number="162" hits="0" branch="false" />
                <line number="163" hits="0" branch="false" />
                <line number="164" hits="0" branch="false" />
                <line number="165" hits="0" branch="false" />
                <line number="166" hits="0" branch="false" />
                <line number="167" hits="0" branch="false" />
                <line number="168" hits="0" branch="false" />
                <line number="172" hits="3" branch="false" />
                <line number="173" hits="3" branch="false" />
                <line number="174" hits="3" branch="false" />
                <line number="175" hits="3" branch="false" />
                <line number="176" hits="3" branch="false" />
                <line number="177" hits="3" branch="false" />
                <line number="178" hits="3" branch="false" />
                <line number="179" hits="3" branch="false" />
                <line number="181" hits="3" branch="false" />
                <line number="182" hits="3" branch="false" />
                <line number="184" hits="3" branch="false" />
                <line number="185" hits="3" branch="false" />
                <line number="186" hits="3" branch="false" />
                <line number="187" hits="3" branch="false" />
                <line number="188" hits="3" branch="false" />
                <line number="189" hits="3" branch="false" />
                <line number="190" hits="3" branch="false" />
                <line number="191" hits="3" branch="false" />
                <line number="192" hits="3" branch="false" />
                <line number="193" hits="3" branch="false" />
                <line number="194" hits="3" branch="false" />
                <line number="195" hits="3" branch="false" />
                <line number="197" hits="3" branch="false" />
                <line number="198" hits="3" branch="false" />
                <line number="199" hits="3" branch="false" />
                <line number="200" hits="3" branch="false" />
                <line number="201" hits="3" branch="false" />
                <line number="203" hits="15" branch="false" />
              </lines>
            </method>
            <method name="DeleteConversation" signature="()" line-rate="0.48214285714285715" branch-rate="0.42857142857142855" complexity="14">
              <lines>
                <line number="273" hits="18" branch="false" />
                <line number="274" hits="18" branch="false" />
                <line number="275" hits="18" branch="false" />
                <line number="278" hits="18" branch="false" />
                <line number="280" hits="18" branch="false" />
                <line number="281" hits="18" branch="true" condition-coverage="100% (2/2)" />
                <line number="282" hits="3" branch="false" />
                <line number="283" hits="3" branch="false" />
                <line number="286" hits="15" branch="true" condition-coverage="75% (3/4)" />
                <line number="287" hits="3" branch="false" />
                <line number="288" hits="3" branch="false" />
                <line number="291" hits="12" branch="true" condition-coverage="50% (1/2)" />
                <line number="292" hits="0" branch="false" />
                <line number="293" hits="0" branch="false" />
                <line number="294" hits="0" branch="false" />
                <line number="297" hits="12" branch="false" />
                <line number="298" hits="12" branch="false" />
                <line number="299" hits="12" branch="false" />
                <line number="300" hits="12" branch="false" />
                <line number="301" hits="12" branch="false" />
                <line number="302" hits="12" branch="false" />
                <line number="303" hits="12" branch="false" />
                <line number="304" hits="12" branch="false" />
                <line number="305" hits="0" branch="false" />
                <line number="307" hits="0" branch="true" condition-coverage="0% (0/2)" />
                <line number="308" hits="0" branch="false" />
                <line number="309" hits="0" branch="false" />
                <line number="312" hits="0" branch="false" />
                <line number="313" hits="0" branch="false" />
                <line number="314" hits="0" branch="false" />
                <line number="315" hits="0" branch="false" />
                <line number="317" hits="0" branch="true" condition-coverage="0% (0/2)" />
                <line number="318" hits="0" branch="false" />
                <line number="319" hits="0" branch="false" />
                <line number="320" hits="0" branch="false" />
                <line number="324" hits="0" branch="false" />
                <line number="325" hits="0" branch="false" />
                <line number="326" hits="0" branch="false" />
                <line number="328" hits="0" branch="true" condition-coverage="0% (0/2)" />
                <line number="329" hits="0" branch="false" />
                <line number="330" hits="0" branch="false" />
                <line number="331" hits="0" branch="false" />
                <line number="332" hits="0" branch="false" />
                <line number="335" hits="0" branch="false" />
                <line number="336" hits="0" branch="false" />
                <line number="337" hits="0" branch="false" />
                <line number="340" hits="0" branch="false" />
                <line number="341" hits="0" branch="false" />
                <line number="342" hits="0" branch="false" />
                <line number="344" hits="12" branch="false" />
                <line number="345" hits="12" branch="false" />
                <line number="346" hits="12" branch="false" />
                <line number="347" hits="12" branch="false" />
                <line number="348" hits="12" branch="false" />
                <line number="349" hits="12" branch="false" />
                <line number="351" hits="18" branch="false" />
              </lines>
            </method>
            <method name="GetConversation" signature="()" line-rate="1" branch-rate="0.7857142857142857" complexity="14">
              <lines>
                <line number="212" hits="15" branch="false" />
                <line number="214" hits="15" branch="false" />
                <line number="216" hits="15" branch="false" />
                <line number="217" hits="15" branch="true" condition-coverage="100% (2/2)" />
                <line number="218" hits="3" branch="false" />
                <line number="219" hits="3" branch="false" />
                <line number="222" hits="12" branch="false" />
                <line number="223" hits="12" branch="false" />
                <line number="224" hits="12" branch="false" />
                <line number="226" hits="9" branch="true" condition-coverage="100% (2/2)" />
                <line number="227" hits="3" branch="false" />
                <line number="228" hits="3" branch="false" />
                <line number="232" hits="6" branch="true" condition-coverage="75% (6/8)" />
                <line number="233" hits="3" branch="false" />
                <line number="234" hits="3" branch="false" />
                <line number="237" hits="3" branch="true" condition-coverage="50% (1/2)" />
                <line number="238" hits="3" branch="false" />
                <line number="239" hits="3" branch="false" />
                <line number="240" hits="3" branch="false" />
                <line number="241" hits="3" branch="false" />
                <line number="242" hits="3" branch="false" />
                <line number="243" hits="3" branch="false" />
                <line number="244" hits="3" branch="false" />
                <line number="245" hits="3" branch="false" />
                <line number="246" hits="3" branch="false" />
                <line number="247" hits="3" branch="false" />
                <line number="248" hits="3" branch="false" />
                <line number="249" hits="3" branch="false" />
                <line number="250" hits="3" branch="false" />
                <line number="251" hits="3" branch="false" />
                <line number="252" hits="3" branch="false" />
                <line number="253" hits="3" branch="false" />
                <line number="254" hits="3" branch="false" />
                <line number="255" hits="3" branch="false" />
                <line number="256" hits="3" branch="false" />
                <line number="258" hits="3" branch="false" />
                <line number="259" hits="3" branch="false" />
                <line number="260" hits="3" branch="false" />
                <line number="261" hits="3" branch="false" />
                <line number="263" hits="15" branch="false" />
              </lines>
            </method>
            <method name="GetUserConversations" signature="()" line-rate="1" branch-rate="0.8333333333333334" complexity="6">
              <lines>
                <line number="48" hits="15" branch="false" />
                <line number="50" hits="15" branch="false" />
                <line number="52" hits="15" branch="false" />
                <line number="53" hits="15" branch="true" condition-coverage="100% (2/2)" />
                <line number="54" hits="3" branch="false" />
                <line number="55" hits="3" branch="false" />
                <line number="58" hits="12" branch="true" condition-coverage="75% (3/4)" />
                <line number="59" hits="3" branch="false" />
                <line number="60" hits="3" branch="false" />
                <line number="62" hits="9" branch="false" />
                <line number="63" hits="9" branch="false" />
                <line number="64" hits="9" branch="false" />
                <line number="65" hits="9" branch="false" />
                <line number="66" hits="9" branch="false" />
                <line number="67" hits="9" branch="false" />
                <line number="68" hits="9" branch="false" />
                <line number="69" hits="9" branch="false" />
                <line number="70" hits="9" branch="false" />
                <line number="71" hits="9" branch="false" />
                <line number="72" hits="9" branch="false" />
                <line number="73" hits="9" branch="false" />
                <line number="74" hits="9" branch="false" />
                <line number="75" hits="9" branch="false" />
                <line number="76" hits="9" branch="false" />
                <line number="77" hits="9" branch="false" />
                <line number="78" hits="9" branch="false" />
                <line number="79" hits="9" branch="false" />
                <line number="80" hits="9" branch="false" />
                <line number="81" hits="9" branch="false" />
                <line number="82" hits="9" branch="false" />
                <line number="83" hits="9" branch="false" />
                <line number="84" hits="9" branch="false" />
                <line number="85" hits="9" branch="false" />
                <line number="86" hits="9" branch="false" />
                <line number="87" hits="9" branch="false" />
                <line number="88" hits="9" branch="false" />
                <line number="89" hits="9" branch="false" />
                <line number="90" hits="9" branch="false" />
                <line number="91" hits="9" branch="false" />
                <line number="92" hits="9" branch="false" />
                <line number="94" hits="6" branch="false" />
                <line number="96" hits="3" branch="false" />
                <line number="97" hits="3" branch="false" />
                <line number="98" hits="3" branch="false" />
                <line number="99" hits="3" branch="false" />
                <line number="101" hits="15" branch="false" />
              </lines>
            </method>
          </methods>
          <lines>
            <line number="20" hits="63" branch="false" />
            <line number="21" hits="63" branch="false" />
            <line number="22" hits="63" branch="false" />
            <line number="23" hits="63" branch="false" />
            <line number="24" hits="63" branch="false" />
            <line number="25" hits="63" branch="false" />
            <line number="32" hits="63" branch="false" />
            <line number="33" hits="63" branch="true" condition-coverage="100% (2/2)" />
            <line number="34" hits="63" branch="true" condition-coverage="100% (2/2)" />
            <line number="35" hits="51" branch="false" />
            <line number="36" hits="51" branch="false" />
            <line number="38" hits="12" branch="false" />
            <line number="39" hits="63" branch="false" />
            <line number="48" hits="15" branch="false" />
            <line number="50" hits="15" branch="false" />
            <line number="52" hits="15" branch="false" />
            <line number="53" hits="15" branch="true" condition-coverage="100% (2/2)" />
            <line number="54" hits="3" branch="false" />
            <line number="55" hits="3" branch="false" />
            <line number="58" hits="12" branch="true" condition-coverage="75% (3/4)" />
            <line number="59" hits="3" branch="false" />
            <line number="60" hits="3" branch="false" />
            <line number="62" hits="9" branch="false" />
            <line number="63" hits="9" branch="false" />
            <line number="64" hits="9" branch="false" />
            <line number="65" hits="9" branch="false" />
            <line number="66" hits="9" branch="false" />
            <line number="67" hits="9" branch="false" />
            <line number="68" hits="9" branch="false" />
            <line number="69" hits="9" branch="false" />
            <line number="70" hits="9" branch="false" />
            <line number="71" hits="9" branch="false" />
            <line number="72" hits="9" branch="false" />
            <line number="73" hits="9" branch="false" />
            <line number="74" hits="9" branch="false" />
            <line number="75" hits="9" branch="false" />
            <line number="76" hits="9" branch="false" />
            <line number="77" hits="9" branch="false" />
            <line number="78" hits="9" branch="false" />
            <line number="79" hits="9" branch="false" />
            <line number="80" hits="9" branch="false" />
            <line number="81" hits="9" branch="false" />
            <line number="82" hits="9" branch="false" />
            <line number="83" hits="9" branch="false" />
            <line number="84" hits="9" branch="false" />
            <line number="85" hits="9" branch="false" />
            <line number="86" hits="9" branch="false" />
            <line number="87" hits="9" branch="false" />
            <line number="88" hits="9" branch="false" />
            <line number="89" hits="9" branch="false" />
            <line number="90" hits="9" branch="false" />
            <line number="91" hits="9" branch="false" />
            <line number="92" hits="9" branch="false" />
            <line number="94" hits="6" branch="false" />
            <line number="96" hits="3" branch="false" />
            <line number="97" hits="3" branch="false" />
            <line number="98" hits="3" branch="false" />
            <line number="99" hits="3" branch="false" />
            <line number="101" hits="15" branch="false" />
            <line number="111" hits="15" branch="false" />
            <line number="113" hits="15" branch="false" />
            <line number="115" hits="15" branch="false" />
            <line number="116" hits="15" branch="true" condition-coverage="100% (2/2)" />
            <line number="117" hits="3" branch="false" />
            <line number="118" hits="3" branch="false" />
            <line number="121" hits="12" branch="true" condition-coverage="75% (3/4)" />
            <line number="122" hits="3" branch="false" />
            <line number="123" hits="3" branch="false" />
            <line number="126" hits="9" branch="true" condition-coverage="100% (2/2)" />
            <line number="127" hits="3" branch="false" />
            <line number="128" hits="3" branch="false" />
            <line number="132" hits="6" branch="false" />
            <line number="133" hits="6" branch="false" />
            <line number="134" hits="6" branch="false" />
            <line number="135" hits="6" branch="false" />
            <line number="136" hits="6" branch="false" />
            <line number="138" hits="3" branch="true" condition-coverage="50% (1/2)" />
            <line number="139" hits="0" branch="false" />
            <line number="140" hits="0" branch="true" condition-coverage="0% (0/4)" />
            <line number="141" hits="0" branch="false" />
            <line number="142" hits="0" branch="false" />
            <line number="143" hits="0" branch="false" />
            <line number="144" hits="0" branch="false" />
            <line number="145" hits="0" branch="false" />
            <line number="146" hits="0" branch="false" />
            <line number="147" hits="0" branch="false" />
            <line number="148" hits="0" branch="false" />
            <line number="149" hits="0" branch="false" />
            <line number="150" hits="0" branch="false" />
            <line number="151" hits="0" branch="false" />
            <line number="152" hits="0" branch="false" />
            <line number="153" hits="0" branch="false" />
            <line number="154" hits="0" branch="false" />
            <line number="155" hits="0" branch="false" />
            <line number="156" hits="0" branch="false" />
            <line number="157" hits="0" branch="false" />
            <line number="158" hits="0" branch="false" />
            <line number="159" hits="0" branch="false" />
            <line number="160" hits="0" branch="false" />
            <line number="161" hits="0" branch="false" />
            <line number="162" hits="0" branch="false" />
            <line number="163" hits="0" branch="false" />
            <line number="164" hits="0" branch="false" />
            <line number="165" hits="0" branch="false" />
            <line number="166" hits="0" branch="false" />
            <line number="167" hits="0" branch="false" />
            <line number="168" hits="0" branch="false" />
            <line number="172" hits="3" branch="false" />
            <line number="173" hits="3" branch="false" />
            <line number="174" hits="3" branch="false" />
            <line number="175" hits="3" branch="false" />
            <line number="176" hits="3" branch="false" />
            <line number="177" hits="3" branch="false" />
            <line number="178" hits="3" branch="false" />
            <line number="179" hits="3" branch="false" />
            <line number="181" hits="3" branch="false" />
            <line number="182" hits="3" branch="false" />
            <line number="184" hits="3" branch="false" />
            <line number="185" hits="3" branch="false" />
            <line number="186" hits="3" branch="false" />
            <line number="187" hits="3" branch="false" />
            <line number="188" hits="3" branch="false" />
            <line number="189" hits="3" branch="false" />
            <line number="190" hits="3" branch="false" />
            <line number="191" hits="3" branch="false" />
            <line number="192" hits="3" branch="false" />
            <line number="193" hits="3" branch="false" />
            <line number="194" hits="3" branch="false" />
            <line number="195" hits="3" branch="false" />
            <line number="197" hits="3" branch="false" />
            <line number="198" hits="3" branch="false" />
            <line number="199" hits="3" branch="false" />
            <line number="200" hits="3" branch="false" />
            <line number="201" hits="3" branch="false" />
            <line number="203" hits="15" branch="false" />
            <line number="212" hits="15" branch="false" />
            <line number="214" hits="15" branch="false" />
            <line number="216" hits="15" branch="false" />
            <line number="217" hits="15" branch="true" condition-coverage="100% (2/2)" />
            <line number="218" hits="3" branch="false" />
            <line number="219" hits="3" branch="false" />
            <line number="222" hits="12" branch="false" />
            <line number="223" hits="12" branch="false" />
            <line number="224" hits="12" branch="false" />
            <line number="226" hits="9" branch="true" condition-coverage="100% (2/2)" />
            <line number="227" hits="3" branch="false" />
            <line number="228" hits="3" branch="false" />
            <line number="232" hits="6" branch="true" condition-coverage="75% (6/8)" />
            <line number="233" hits="3" branch="false" />
            <line number="234" hits="3" branch="false" />
            <line number="237" hits="3" branch="true" condition-coverage="50% (1/2)" />
            <line number="238" hits="3" branch="false" />
            <line number="239" hits="3" branch="false" />
            <line number="240" hits="3" branch="false" />
            <line number="241" hits="3" branch="false" />
            <line number="242" hits="3" branch="false" />
            <line number="243" hits="3" branch="false" />
            <line number="244" hits="3" branch="false" />
            <line number="245" hits="3" branch="false" />
            <line number="246" hits="3" branch="false" />
            <line number="247" hits="3" branch="false" />
            <line number="248" hits="3" branch="false" />
            <line number="249" hits="3" branch="false" />
            <line number="250" hits="3" branch="false" />
            <line number="251" hits="3" branch="false" />
            <line number="252" hits="3" branch="false" />
            <line number="253" hits="3" branch="false" />
            <line number="254" hits="3" branch="false" />
            <line number="255" hits="3" branch="false" />
            <line number="256" hits="3" branch="false" />
            <line number="258" hits="3" branch="false" />
            <line number="259" hits="3" branch="false" />
            <line number="260" hits="3" branch="false" />
            <line number="261" hits="3" branch="false" />
            <line number="263" hits="15" branch="false" />
            <line number="273" hits="18" branch="false" />
            <line number="274" hits="18" branch="false" />
            <line number="275" hits="18" branch="false" />
            <line number="278" hits="18" branch="false" />
            <line number="280" hits="18" branch="false" />
            <line number="281" hits="18" branch="true" condition-coverage="100% (2/2)" />
            <line number="282" hits="3" branch="false" />
            <line number="283" hits="3" branch="false" />
            <line number="286" hits="15" branch="true" condition-coverage="75% (3/4)" />
            <line number="287" hits="3" branch="false" />
            <line number="288" hits="3" branch="false" />
            <line number="291" hits="12" branch="true" condition-coverage="50% (1/2)" />
            <line number="292" hits="0" branch="false" />
            <line number="293" hits="0" branch="false" />
            <line number="294" hits="0" branch="false" />
            <line number="297" hits="12" branch="false" />
            <line number="298" hits="12" branch="false" />
            <line number="299" hits="12" branch="false" />
            <line number="300" hits="12" branch="false" />
            <line number="301" hits="12" branch="false" />
            <line number="302" hits="12" branch="false" />
            <line number="303" hits="12" branch="false" />
            <line number="304" hits="12" branch="false" />
            <line number="305" hits="0" branch="false" />
            <line number="307" hits="0" branch="true" condition-coverage="0% (0/2)" />
            <line number="308" hits="0" branch="false" />
            <line number="309" hits="0" branch="false" />
            <line number="312" hits="0" branch="false" />
            <line number="313" hits="0" branch="false" />
            <line number="314" hits="0" branch="false" />
            <line number="315" hits="0" branch="false" />
            <line number="317" hits="0" branch="true" condition-coverage="0% (0/2)" />
            <line number="318" hits="0" branch="false" />
            <line number="319" hits="0" branch="false" />
            <line number="320" hits="0" branch="false" />
            <line number="324" hits="0" branch="false" />
            <line number="325" hits="0" branch="false" />
            <line number="326" hits="0" branch="false" />
            <line number="328" hits="0" branch="true" condition-coverage="0% (0/2)" />
            <line number="329" hits="0" branch="false" />
            <line number="330" hits="0" branch="false" />
            <line number="331" hits="0" branch="false" />
            <line number="332" hits="0" branch="false" />
            <line number="335" hits="0" branch="false" />
            <line number="336" hits="0" branch="false" />
            <line number="337" hits="0" branch="false" />
            <line number="340" hits="0" branch="false" />
            <line number="341" hits="0" branch="false" />
            <line number="342" hits="0" branch="false" />
            <line number="344" hits="12" branch="false" />
            <line number="345" hits="12" branch="false" />
            <line number="346" hits="12" branch="false" />
            <line number="347" hits="12" branch="false" />
            <line number="348" hits="12" branch="false" />
            <line number="349" hits="12" branch="false" />
            <line number="351" hits="18" branch="false" />
          </lines>
        </class>
        <class name="BackendMessages.Controllers.HealthController" filename="C:\Bianca\Cognizant-Summer-Practice\backend\backend-messages\Controllers\HealthController.cs" line-rate="0" branch-rate="1" complexity="1">
          <methods>
            <method name="Get" signature="()" line-rate="0" branch-rate="1" complexity="1">
              <lines>
                <line number="11" hits="0" branch="false" />
                <line number="12" hits="0" branch="false" />
                <line number="13" hits="0" branch="false" />
                <line number="14" hits="0" branch="false" />
                <line number="15" hits="0" branch="false" />
                <line number="16" hits="0" branch="false" />
                <line number="17" hits="0" branch="false" />
                <line number="18" hits="0" branch="false" />
              </lines>
            </method>
          </methods>
          <lines>
            <line number="11" hits="0" branch="false" />
            <line number="12" hits="0" branch="false" />
            <line number="13" hits="0" branch="false" />
            <line number="14" hits="0" branch="false" />
            <line number="15" hits="0" branch="false" />
            <line number="16" hits="0" branch="false" />
            <line number="17" hits="0" branch="false" />
            <line number="18" hits="0" branch="false" />
          </lines>
        </class>
        <class name="BackendMessages.Controllers.MarkMessagesReadRequest" filename="C:\Bianca\Cognizant-Summer-Practice\backend\backend-messages\Controllers\MessagesController.cs" line-rate="1" branch-rate="1" complexity="2">
          <methods>
            <method name="get_ConversationId" signature="()" line-rate="1" branch-rate="1" complexity="1">
              <lines>
                <line number="732" hits="12" branch="false" />
              </lines>
            </method>
            <method name="get_UserId" signature="()" line-rate="1" branch-rate="1" complexity="1">
              <lines>
                <line number="733" hits="21" branch="false" />
              </lines>
            </method>
          </methods>
          <lines>
            <line number="732" hits="12" branch="false" />
            <line number="733" hits="21" branch="false" />
          </lines>
        </class>
        <class name="BackendMessages.Controllers.MarkSingleMessageReadRequest" filename="C:\Bianca\Cognizant-Summer-Practice\backend\backend-messages\Controllers\MessagesController.cs" line-rate="1" branch-rate="1" complexity="1">
          <methods>
            <method name="get_UserId" signature="()" line-rate="1" branch-rate="1" complexity="1">
              <lines>
                <line number="738" hits="15" branch="false" />
              </lines>
            </method>
          </methods>
          <lines>
            <line number="738" hits="15" branch="false" />
          </lines>
        </class>
        <class name="BackendMessages.Controllers.MessagesController" filename="C:\Bianca\Cognizant-Summer-Practice\backend\backend-messages\Controllers\MessagesController.cs" line-rate="0.6277056277056277" branch-rate="0.575" complexity="78">
          <methods>
            <method name="GetAuthenticatedUserId" signature="()" line-rate="1" branch-rate="1" complexity="4">
              <lines>
                <line number="52" hits="21" branch="false" />
                <line number="53" hits="21" branch="true" condition-coverage="100% (2/2)" />
                <line number="54" hits="21" branch="true" condition-coverage="100% (2/2)" />
                <line number="55" hits="15" branch="false" />
                <line number="56" hits="15" branch="false" />
                <line number="58" hits="6" branch="false" />
                <line number="59" hits="21" branch="false" />
              </lines>
            </method>
            <method name=".ctor" signature="(BackendMessages.Data.MessagesDbContext,Microsoft.Extensions.Logging.ILogger`1&lt;BackendMessages.Controllers.MessagesController&gt;,Microsoft.AspNetCore.SignalR.IHubContext`1&lt;BackendMessages.Hubs.MessageHub&gt;,BackendMessages.Repositories.IMessageReportRepository,BackendMessages.Services.Abstractions.IEmailService,BackendMessages.Services.Abstractions.IUserSearchService,Microsoft.Extensions.Configuration.IConfiguration,Microsoft.Extensions.DependencyInjection.IServiceScopeFactory)" line-rate="1" branch-rate="1" complexity="1">
              <lines>
                <line number="27" hits="45" branch="false" />
                <line number="28" hits="45" branch="false" />
                <line number="29" hits="45" branch="false" />
                <line number="30" hits="45" branch="false" />
                <line number="31" hits="45" branch="false" />
                <line number="32" hits="45" branch="false" />
                <line number="33" hits="45" branch="false" />
                <line number="34" hits="45" branch="false" />
                <line number="35" hits="45" branch="false" />
                <line number="36" hits="45" branch="false" />
                <line number="37" hits="45" branch="false" />
                <line number="38" hits="45" branch="false" />
                <line number="39" hits="45" branch="false" />
                <line number="40" hits="45" branch="false" />
                <line number="41" hits="45" branch="false" />
                <line number="42" hits="45" branch="false" />
                <line number="43" hits="45" branch="false" />
                <line number="44" hits="45" branch="false" />
                <line number="45" hits="45" branch="false" />
              </lines>
            </method>
            <method name="&lt;SendMessage" signature="()" line-rate="0.3620689655172414" branch-rate="0" complexity="12">
              <lines>
                <line number="192" hits="3" branch="false" />
                <line number="193" hits="3" branch="false" />
                <line number="194" hits="3" branch="false" />
                <line number="195" hits="3" branch="false" />
                <line number="196" hits="3" branch="false" />
                <line number="197" hits="3" branch="false" />
                <line number="198" hits="0" branch="false" />
                <line number="199" hits="0" branch="false" />
                <line number="200" hits="0" branch="false" />
                <line number="201" hits="0" branch="false" />
                <line number="202" hits="3" branch="false" />
                <line number="203" hits="3" branch="false" />
                <line number="204" hits="0" branch="false" />
                <line number="205" hits="3" branch="false" />
                <line number="206" hits="0" branch="true" condition-coverage="0% (0/2)" />
                <line number="207" hits="0" branch="false" />
                <line number="208" hits="3" branch="false" />
                <line number="209" hits="0" branch="false" />
                <line number="210" hits="0" branch="false" />
                <line number="211" hits="0" branch="false" />
                <line number="212" hits="3" branch="false" />
                <line number="213" hits="0" branch="true" condition-coverage="0% (0/2)" />
                <line number="214" hits="0" branch="false" />
                <line number="215" hits="0" branch="false" />
                <line number="216" hits="0" branch="false" />
                <line number="217" hits="3" branch="false" />
                <line number="218" hits="0" branch="true" condition-coverage="0% (0/6)" />
                <line number="219" hits="0" branch="false" />
                <line number="220" hits="0" branch="false" />
                <line number="221" hits="0" branch="false" />
                <line number="222" hits="0" branch="false" />
                <line number="223" hits="0" branch="false" />
                <line number="224" hits="0" branch="false" />
                <line number="225" hits="0" branch="false" />
                <line number="226" hits="3" branch="false" />
                <line number="227" hits="0" branch="true" condition-coverage="0% (0/2)" />
                <line number="228" hits="0" branch="false" />
                <line number="229" hits="0" branch="false" />
                <line number="230" hits="0" branch="false" />
                <line number="231" hits="3" branch="false" />
                <line number="232" hits="0" branch="false" />
                <line number="233" hits="0" branch="false" />
                <line number="234" hits="0" branch="false" />
                <line number="235" hits="0" branch="false" />
                <line number="236" hits="0" branch="false" />
                <line number="237" hits="0" branch="false" />
                <line number="238" hits="3" branch="false" />
                <line number="239" hits="0" branch="false" />
                <line number="240" hits="0" branch="false" />
                <line number="241" hits="0" branch="false" />
                <line number="242" hits="0" branch="false" />
                <line number="243" hits="0" branch="false" />
                <line number="244" hits="3" branch="false" />
                <line number="245" hits="3" branch="false" />
                <line number="246" hits="3" branch="false" />
                <line number="247" hits="3" branch="false" />
                <line number="248" hits="3" branch="false" />
                <line number="249" hits="6" branch="false" />
              </lines>
            </method>
            <method name="DeleteMessage" signature="()" line-rate="0.7105263157894737" branch-rate="0.75" complexity="4">
              <lines>
                <line number="489" hits="6" branch="false" />
                <line number="491" hits="6" branch="false" />
                <line number="492" hits="6" branch="false" />
                <line number="493" hits="6" branch="false" />
                <line number="495" hits="6" branch="true" condition-coverage="100% (2/2)" />
                <line number="496" hits="3" branch="false" />
                <line number="497" hits="3" branch="false" />
                <line number="501" hits="3" branch="true" condition-coverage="50% (1/2)" />
                <line number="502" hits="0" branch="false" />
                <line number="503" hits="0" branch="false" />
                <line number="506" hits="3" branch="false" />
                <line number="507" hits="3" branch="false" />
                <line number="509" hits="3" branch="false" />
                <line number="513" hits="3" branch="false" />
                <line number="514" hits="3" branch="false" />
                <line number="515" hits="3" branch="false" />
                <line number="516" hits="3" branch="false" />
                <line number="517" hits="3" branch="false" />
                <line number="518" hits="3" branch="false" />
                <line number="519" hits="3" branch="false" />
                <line number="520" hits="3" branch="false" />
                <line number="523" hits="3" branch="false" />
                <line number="524" hits="3" branch="false" />
                <line number="527" hits="0" branch="false" />
                <line number="528" hits="0" branch="false" />
                <line number="530" hits="0" branch="false" />
                <line number="531" hits="0" branch="false" />
                <line number="532" hits="0" branch="false" />
                <line number="533" hits="3" branch="false" />
                <line number="534" hits="3" branch="false" />
                <line number="535" hits="3" branch="false" />
                <line number="537" hits="3" branch="false" />
                <line number="539" hits="3" branch="false" />
                <line number="541" hits="0" branch="false" />
                <line number="542" hits="0" branch="false" />
                <line number="543" hits="0" branch="false" />
                <line number="544" hits="0" branch="false" />
                <line number="546" hits="6" branch="false" />
              </lines>
            </method>
            <method name="DeleteUserMessageData" signature="()" line-rate="0" branch-rate="0" complexity="2">
              <lines>
                <line number="660" hits="0" branch="false" />
                <line number="662" hits="0" branch="false" />
                <line number="663" hits="0" branch="false" />
                <line number="666" hits="0" branch="false" />
                <line number="667" hits="0" branch="false" />
                <line number="668" hits="0" branch="false" />
                <line number="670" hits="0" branch="false" />
                <line number="672" hits="0" branch="true" condition-coverage="0% (0/2)" />
                <line number="673" hits="0" branch="false" />
                <line number="675" hits="0" branch="false" />
                <line number="676" hits="0" branch="false" />
                <line number="677" hits="0" branch="false" />
                <line number="680" hits="0" branch="false" />
                <line number="681" hits="0" branch="false" />
                <line number="682" hits="0" branch="false" />
                <line number="683" hits="0" branch="false" />
                <line number="685" hits="0" branch="false" />
                <line number="686" hits="0" branch="false" />
                <line number="687" hits="0" branch="false" />
                <line number="688" hits="0" branch="false" />
                <line number="691" hits="0" branch="false" />
                <line number="694" hits="0" branch="false" />
                <line number="695" hits="0" branch="false" />
                <line number="696" hits="0" branch="false" />
                <line number="698" hits="0" branch="false" />
                <line number="700" hits="0" branch="false" />
                <line number="702" hits="0" branch="false" />
                <line number="703" hits="0" branch="false" />
                <line number="704" hits="0" branch="false" />
                <line number="705" hits="0" branch="false" />
                <line number="707" hits="0" branch="false" />
                <line number="708" hits="0" branch="false" />
                <line number="709" hits="0" branch="false" />
                <line number="710" hits="0" branch="false" />
                <line number="711" hits="0" branch="false" />
                <line number="713" hits="0" branch="false" />
                <line number="714" hits="0" branch="false" />
                <line number="715" hits="0" branch="false" />
                <line number="716" hits="0" branch="false" />
                <line number="718" hits="0" branch="false" />
              </lines>
            </method>
            <method name="GetAllMessageReports" signature="()" line-rate="0" branch-rate="0" complexity="1">
              <lines>
                <line number="621" hits="0" branch="false" />
                <line number="623" hits="0" branch="false" />
                <line number="624" hits="0" branch="false" />
                <line number="625" hits="0" branch="true" condition-coverage="0% (0/4)" />
                <line number="626" hits="0" branch="false" />
                <line number="627" hits="0" branch="false" />
                <line number="628" hits="0" branch="false" />
                <line number="629" hits="0" branch="false" />
                <line number="630" hits="0" branch="false" />
                <line number="631" hits="0" branch="false" />
                <line number="632" hits="0" branch="false" />
                <line number="633" hits="0" branch="false" />
                <line number="634" hits="0" branch="false" />
                <line number="635" hits="0" branch="false" />
                <line number="636" hits="0" branch="false" />
                <line number="637" hits="0" branch="false" />
                <line number="638" hits="0" branch="false" />
                <line number="639" hits="0" branch="false" />
                <line number="640" hits="0" branch="false" />
                <line number="641" hits="0" branch="false" />
                <line number="642" hits="0" branch="false" />
                <line number="644" hits="0" branch="false" />
                <line number="646" hits="0" branch="false" />
                <line number="647" hits="0" branch="false" />
                <line number="648" hits="0" branch="false" />
                <line number="649" hits="0" branch="false" />
                <line number="651" hits="0" branch="false" />
              </lines>
            </method>
            <method name="GetConversationMessages" signature="()" line-rate="0.8596491228070176" branch-rate="0.5" complexity="18">
              <lines>
                <line number="274" hits="6" branch="false" />
                <line number="276" hits="6" branch="false" />
                <line number="278" hits="6" branch="false" />
                <line number="279" hits="6" branch="true" condition-coverage="100% (2/2)" />
                <line number="280" hits="3" branch="false" />
                <line number="281" hits="3" branch="false" />
                <line number="284" hits="3" branch="true" condition-coverage="50% (1/2)" />
                <line number="285" hits="3" branch="true" condition-coverage="50% (2/4)" />
                <line number="288" hits="3" branch="false" />
                <line number="289" hits="3" branch="false" />
                <line number="291" hits="3" branch="true" condition-coverage="50% (1/2)" />
                <line number="292" hits="0" branch="false" />
                <line number="293" hits="0" branch="false" />
                <line number="297" hits="3" branch="true" condition-coverage="38% (3/8)" />
                <line number="298" hits="0" branch="false" />
                <line number="299" hits="0" branch="false" />
                <line number="302" hits="3" branch="false" />
                <line number="304" hits="3" branch="false" />
                <line number="305" hits="3" branch="false" />
                <line number="306" hits="3" branch="false" />
                <line number="307" hits="3" branch="false" />
                <line number="308" hits="3" branch="false" />
                <line number="309" hits="3" branch="false" />
                <line number="310" hits="3" branch="false" />
                <line number="311" hits="3" branch="false" />
                <line number="312" hits="3" branch="false" />
                <line number="313" hits="3" branch="false" />
                <line number="314" hits="3" branch="false" />
                <line number="315" hits="3" branch="false" />
                <line number="316" hits="3" branch="false" />
                <line number="317" hits="3" branch="false" />
                <line number="318" hits="3" branch="false" />
                <line number="319" hits="3" branch="false" />
                <line number="320" hits="3" branch="false" />
                <line number="321" hits="3" branch="false" />
                <line number="322" hits="3" branch="false" />
                <line number="324" hits="3" branch="false" />
                <line number="325" hits="3" branch="false" />
                <line number="326" hits="3" branch="false" />
                <line number="328" hits="3" branch="false" />
                <line number="329" hits="3" branch="false" />
                <line number="330" hits="15" branch="false" />
                <line number="331" hits="3" branch="false" />
                <line number="332" hits="3" branch="false" />
                <line number="333" hits="3" branch="false" />
                <line number="334" hits="3" branch="false" />
                <line number="335" hits="3" branch="false" />
                <line number="336" hits="3" branch="false" />
                <line number="337" hits="3" branch="false" />
                <line number="338" hits="3" branch="false" />
                <line number="339" hits="3" branch="false" />
                <line number="340" hits="3" branch="false" />
                <line number="342" hits="0" branch="false" />
                <line number="343" hits="0" branch="false" />
                <line number="344" hits="0" branch="false" />
                <line number="345" hits="0" branch="false" />
                <line number="347" hits="6" branch="false" />
              </lines>
            </method>
            <method name="MarkMessagesAsRead" signature="()" line-rate="0.7674418604651163" branch-rate="1" complexity="6">
              <lines>
                <line number="426" hits="6" branch="false" />
                <line number="428" hits="6" branch="false" />
                <line number="429" hits="6" branch="false" />
                <line number="430" hits="6" branch="false" />
                <line number="431" hits="6" branch="false" />
                <line number="432" hits="6" branch="false" />
                <line number="433" hits="6" branch="false" />
                <line number="434" hits="6" branch="false" />
                <line number="436" hits="36" branch="true" condition-coverage="100% (2/2)" />
                <line number="437" hits="9" branch="false" />
                <line number="438" hits="9" branch="false" />
                <line number="439" hits="9" branch="false" />
                <line number="440" hits="9" branch="false" />
                <line number="442" hits="6" branch="false" />
                <line number="444" hits="36" branch="true" condition-coverage="100% (4/4)" />
                <line number="445" hits="9" branch="false" />
                <line number="447" hits="9" branch="false" />
[...]
          <methods>
            <method name="Validate" signature="(BackendMessages.DTO.Conversation.Request.GetConversationsRequest)" line-rate="1" branch-rate="1" complexity="10">
              <lines>
                <line number="51" hits="27" branch="false" />
                <line number="52" hits="27" branch="true" condition-coverage="100% (2/2)" />
                <line number="53" hits="3" branch="false" />
                <line number="55" hits="24" branch="true" condition-coverage="100% (2/2)" />
                <line number="56" hits="3" branch="false" />
                <line number="58" hits="21" branch="true" condition-coverage="100% (2/2)" />
                <line number="59" hits="6" branch="false" />
                <line number="61" hits="15" branch="true" condition-coverage="100% (4/4)" />
                <line number="62" hits="6" branch="false" />
                <line number="64" hits="9" branch="false" />
                <line number="65" hits="27" branch="false" />
              </lines>
            </method>
          </methods>
          <lines>
            <line number="51" hits="27" branch="false" />
            <line number="52" hits="27" branch="true" condition-coverage="100% (2/2)" />
            <line number="53" hits="3" branch="false" />
            <line number="55" hits="24" branch="true" condition-coverage="100% (2/2)" />
            <line number="56" hits="3" branch="false" />
            <line number="58" hits="21" branch="true" condition-coverage="100% (2/2)" />
            <line number="59" hits="6" branch="false" />
            <line number="61" hits="15" branch="true" condition-coverage="100% (4/4)" />
            <line number="62" hits="6" branch="false" />
            <line number="64" hits="9" branch="false" />
            <line number="65" hits="27" branch="false" />
          </lines>
        </class>
        <class name="BackendMessages.Services.Validators.MarkMessageAsReadValidator" filename="C:\Bianca\Cognizant-Summer-Practice\backend\backend-messages\Services\Validators\MessageValidator.cs" line-rate="1" branch-rate="1" complexity="6">
          <methods>
            <method name="Validate" signature="(BackendMessages.DTO.Message.Request.MarkMessageAsReadRequest)" line-rate="1" branch-rate="1" complexity="6">
              <lines>
                <line number="42" hits="21" branch="false" />
                <line number="43" hits="21" branch="true" condition-coverage="100% (2/2)" />
                <line number="44" hits="3" branch="false" />
                <line number="46" hits="18" branch="true" condition-coverage="100% (2/2)" />
                <line number="47" hits="6" branch="false" />
                <line number="49" hits="12" branch="true" condition-coverage="100% (2/2)" />
                <line number="50" hits="3" branch="false" />
                <line number="52" hits="9" branch="false" />
                <line number="53" hits="21" branch="false" />
              </lines>
            </method>
          </methods>
          <lines>
            <line number="42" hits="21" branch="false" />
            <line number="43" hits="21" branch="true" condition-coverage="100% (2/2)" />
            <line number="44" hits="3" branch="false" />
            <line number="46" hits="18" branch="true" condition-coverage="100% (2/2)" />
            <line number="47" hits="6" branch="false" />
            <line number="49" hits="12" branch="true" condition-coverage="100% (2/2)" />
            <line number="50" hits="3" branch="false" />
            <line number="52" hits="9" branch="false" />
            <line number="53" hits="21" branch="false" />
          </lines>
        </class>
        <class name="BackendMessages.Services.Validators.MarkMessagesAsReadValidator" filename="C:\Bianca\Cognizant-Summer-Practice\backend\backend-messages\Services\Validators\MessageValidator.cs" line-rate="1" branch-rate="1" complexity="6">
          <methods>
            <method name="Validate" signature="(BackendMessages.DTO.Message.Request.MarkMessagesAsReadRequest)" line-rate="1" branch-rate="1" complexity="6">
              <lines>
                <line number="59" hits="21" branch="false" />
                <line number="60" hits="21" branch="true" condition-coverage="100% (2/2)" />
                <line number="61" hits="3" branch="false" />
                <line number="63" hits="18" branch="true" condition-coverage="100% (2/2)" />
                <line number="64" hits="3" branch="false" />
                <line number="66" hits="15" branch="true" condition-coverage="100% (2/2)" />
                <line number="67" hits="3" branch="false" />
                <line number="69" hits="12" branch="false" />
                <line number="70" hits="21" branch="false" />
              </lines>
            </method>
          </methods>
          <lines>
            <line number="59" hits="21" branch="false" />
            <line number="60" hits="21" branch="true" condition-coverage="100% (2/2)" />
            <line number="61" hits="3" branch="false" />
            <line number="63" hits="18" branch="true" condition-coverage="100% (2/2)" />
            <line number="64" hits="3" branch="false" />
            <line number="66" hits="15" branch="true" condition-coverage="100% (2/2)" />
            <line number="67" hits="3" branch="false" />
            <line number="69" hits="12" branch="false" />
            <line number="70" hits="21" branch="false" />
          </lines>
        </class>
        <class name="BackendMessages.Services.Validators.ReportMessageValidator" filename="C:\Bianca\Cognizant-Summer-Practice\backend\backend-messages\Services\Validators\MessageValidator.cs" line-rate="0.9333333333333333" branch-rate="0.9166666666666666" complexity="12">
          <methods>
            <method name="Validate" signature="(BackendMessages.DTO.Message.Request.ReportMessageRequest)" line-rate="0.9333333333333333" branch-rate="0.9166666666666666" complexity="12">
              <lines>
                <line number="93" hits="30" branch="false" />
                <line number="94" hits="30" branch="true" condition-coverage="100% (2/2)" />
                <line number="95" hits="3" branch="false" />
                <line number="97" hits="27" branch="true" condition-coverage="100% (2/2)" />
                <line number="98" hits="3" branch="false" />
                <line number="100" hits="24" branch="true" condition-coverage="100% (2/2)" />
                <line number="101" hits="3" branch="false" />
                <line number="103" hits="21" branch="true" condition-coverage="100% (2/2)" />
                <line number="104" hits="6" branch="false" />
                <line number="106" hits="15" branch="true" condition-coverage="50% (1/2)" />
                <line number="107" hits="0" branch="false" />
                <line number="109" hits="15" branch="true" condition-coverage="100% (2/2)" />
                <line number="110" hits="3" branch="false" />
                <line number="112" hits="12" branch="false" />
                <line number="113" hits="30" branch="false" />
              </lines>
            </method>
          </methods>
          <lines>
            <line number="93" hits="30" branch="false" />
            <line number="94" hits="30" branch="true" condition-coverage="100% (2/2)" />
            <line number="95" hits="3" branch="false" />
            <line number="97" hits="27" branch="true" condition-coverage="100% (2/2)" />
            <line number="98" hits="3" branch="false" />
            <line number="100" hits="24" branch="true" condition-coverage="100% (2/2)" />
            <line number="101" hits="3" branch="false" />
            <line number="103" hits="21" branch="true" condition-coverage="100% (2/2)" />
            <line number="104" hits="6" branch="false" />
            <line number="106" hits="15" branch="true" condition-coverage="50% (1/2)" />
            <line number="107" hits="0" branch="false" />
            <line number="109" hits="15" branch="true" condition-coverage="100% (2/2)" />
            <line number="110" hits="3" branch="false" />
            <line number="112" hits="12" branch="false" />
            <line number="113" hits="30" branch="false" />
          </lines>
        </class>
        <class name="BackendMessages.Services.Validators.SendMessageValidator" filename="C:\Bianca\Cognizant-Summer-Practice\backend\backend-messages\Services\Validators\MessageValidator.cs" line-rate="1" branch-rate="1" complexity="14">
          <methods>
            <method name="Validate" signature="(BackendMessages.DTO.Message.Request.SendMessageRequest)" line-rate="1" branch-rate="1" complexity="14">
              <lines>
                <line number="13" hits="42" branch="false" />
                <line number="14" hits="42" branch="true" condition-coverage="100% (2/2)" />
                <line number="15" hits="3" branch="false" />
                <line number="17" hits="39" branch="true" condition-coverage="100% (2/2)" />
                <line number="18" hits="6" branch="false" />
                <line number="20" hits="33" branch="true" condition-coverage="100% (2/2)" />
                <line number="21" hits="3" branch="false" />
                <line number="23" hits="30" branch="true" condition-coverage="100% (2/2)" />
                <line number="24" hits="3" branch="false" />
                <line number="26" hits="27" branch="true" condition-coverage="100% (2/2)" />
                <line number="27" hits="6" branch="false" />
                <line number="29" hits="21" branch="true" condition-coverage="100% (2/2)" />
                <line number="30" hits="3" branch="false" />
                <line number="32" hits="18" branch="true" condition-coverage="100% (2/2)" />
                <line number="33" hits="3" branch="false" />
                <line number="35" hits="15" branch="false" />
                <line number="36" hits="42" branch="false" />
              </lines>
            </method>
          </methods>
          <lines>
            <line number="13" hits="42" branch="false" />
            <line number="14" hits="42" branch="true" condition-coverage="100% (2/2)" />
            <line number="15" hits="3" branch="false" />
            <line number="17" hits="39" branch="true" condition-coverage="100% (2/2)" />
            <line number="18" hits="6" branch="false" />
            <line number="20" hits="33" branch="true" condition-coverage="100% (2/2)" />
            <line number="21" hits="3" branch="false" />
            <line number="23" hits="30" branch="true" condition-coverage="100% (2/2)" />
            <line number="24" hits="3" branch="false" />
            <line number="26" hits="27" branch="true" condition-coverage="100% (2/2)" />
            <line number="27" hits="6" branch="false" />
            <line number="29" hits="21" branch="true" condition-coverage="100% (2/2)" />
            <line number="30" hits="3" branch="false" />
            <line number="32" hits="18" branch="true" condition-coverage="100% (2/2)" />
            <line number="33" hits="3" branch="false" />
            <line number="35" hits="15" branch="false" />
            <line number="36" hits="42" branch="false" />
          </lines>
        </class>
        <class name="Program" filename="C:\Bianca\Cognizant-Summer-Practice\backend\backend-messages\Program.cs" line-rate="0" branch-rate="0" complexity="16">
          <methods>
            <method name="&lt;Main&gt;$" signature="(System.String[])" line-rate="0" branch-rate="0" complexity="8">
              <lines>
                <line number="4" hits="0" branch="false" />
                <line number="7" hits="0" branch="false" />
                <line number="10" hits="0" branch="false" />
                <line number="13" hits="0" branch="false" />
                <line number="14" hits="0" branch="false" />
                <line number="15" hits="0" branch="false" />
                <line number="16" hits="0" branch="false" />
                <line number="17" hits="0" branch="false" />
                <line number="18" hits="0" branch="false" />
                <line number="19" hits="0" branch="false" />
                <line number="20" hits="0" branch="false" />
                <line number="21" hits="0" branch="false" />
                <line number="23" hits="0" branch="false" />
                <line number="26" hits="0" branch="false" />
                <line number="27" hits="0" branch="false" />
                <line number="29" hits="0" branch="false" />
                <line number="30" hits="0" branch="true" condition-coverage="0% (0/2)" />
                <line number="31" hits="0" branch="false" />
                <line number="32" hits="0" branch="false" />
                <line number="33" hits="0" branch="false" />
                <line number="34" hits="0" branch="true" condition-coverage="0% (0/6)" />
                <line number="35" hits="0" branch="false" />
                <line number="36" hits="0" branch="false" />
                <line number="37" hits="0" branch="false" />
                <line number="40" hits="0" branch="false" />
                <line number="43" hits="0" branch="false" />
                <line number="46" hits="0" branch="false" />
                <line number="48" hits="0" branch="false" />
                <line number="49" hits="0" branch="false" />
                <line number="51" hits="0" branch="false" />
              </lines>
            </method>
            <method name="GetEmailConfigurationFromEnvironment" signature="()" line-rate="0" branch-rate="0" complexity="8">
              <lines>
                <line number="55" hits="0" branch="false" />
                <line number="56" hits="0" branch="false" />
                <line number="59" hits="0" branch="false" />
                <line number="60" hits="0" branch="false" />
                <line number="61" hits="0" branch="false" />
                <line number="62" hits="0" branch="false" />
                <line number="63" hits="0" branch="false" />
                <line number="64" hits="0" branch="false" />
                <line number="65" hits="0" branch="false" />
                <line number="66" hits="0" branch="false" />
                <line number="67" hits="0" branch="false" />
                <line number="68" hits="0" branch="false" />
                <line number="70" hits="0" branch="true" condition-coverage="0% (0/2)" />
                <line number="71" hits="0" branch="false" />
                <line number="72" hits="0" branch="false" />
                <line number="73" hits="0" branch="true" condition-coverage="0% (0/2)" />
                <line number="74" hits="0" branch="false" />
                <line number="75" hits="0" branch="false" />
                <line number="76" hits="0" branch="false" />
                <line number="77" hits="0" branch="false" />
                <line number="78" hits="0" branch="false" />
                <line number="81" hits="0" branch="false" />
                <line number="82" hits="0" branch="true" condition-coverage="0% (0/2)" />
                <line number="83" hits="0" branch="false" />
                <line number="84" hits="0" branch="false" />
                <line number="85" hits="0" branch="false" />
                <line number="87" hits="0" branch="false" />
                <line number="88" hits="0" branch="true" condition-coverage="0% (0/2)" />
                <line number="89" hits="0" branch="false" />
                <line number="90" hits="0" branch="false" />
                <line number="91" hits="0" branch="false" />
                <line number="93" hits="0" branch="false" />
                <line number="94" hits="0" branch="false" />
              </lines>
            </method>
          </methods>
          <lines>
            <line number="4" hits="0" branch="false" />
            <line number="7" hits="0" branch="false" />
            <line number="10" hits="0" branch="false" />
            <line number="13" hits="0" branch="false" />
            <line number="14" hits="0" branch="false" />
            <line number="15" hits="0" branch="false" />
            <line number="16" hits="0" branch="false" />
            <line number="17" hits="0" branch="false" />
            <line number="18" hits="0" branch="false" />
            <line number="19" hits="0" branch="false" />
            <line number="20" hits="0" branch="false" />
            <line number="21" hits="0" branch="false" />
            <line number="23" hits="0" branch="false" />
            <line number="26" hits="0" branch="false" />
            <line number="27" hits="0" branch="false" />
            <line number="29" hits="0" branch="false" />
            <line number="30" hits="0" branch="true" condition-coverage="0% (0/2)" />
            <line number="31" hits="0" branch="false" />
            <line number="32" hits="0" branch="false" />
            <line number="33" hits="0" branch="false" />
            <line number="34" hits="0" branch="true" condition-coverage="0% (0/6)" />
            <line number="35" hits="0" branch="false" />
            <line number="36" hits="0" branch="false" />
            <line number="37" hits="0" branch="false" />
            <line number="40" hits="0" branch="false" />
            <line number="43" hits="0" branch="false" />
            <line number="46" hits="0" branch="false" />
            <line number="48" hits="0" branch="false" />
            <line number="49" hits="0" branch="false" />
            <line number="51" hits="0" branch="false" />
            <line number="55" hits="0" branch="false" />
            <line number="56" hits="0" branch="false" />
            <line number="59" hits="0" branch="false" />
            <line number="60" hits="0" branch="false" />
            <line number="61" hits="0" branch="false" />
            <line number="62" hits="0" branch="false" />
            <line number="63" hits="0" branch="false" />
            <line number="64" hits="0" branch="false" />
            <line number="65" hits="0" branch="false" />
            <line number="66" hits="0" branch="false" />
            <line number="67" hits="0" branch="false" />
            <line number="68" hits="0" branch="false" />
            <line number="70" hits="0" branch="true" condition-coverage="0% (0/2)" />
            <line number="71" hits="0" branch="false" />
            <line number="72" hits="0" branch="false" />
            <line number="73" hits="0" branch="true" condition-coverage="0% (0/2)" />
            <line number="74" hits="0" branch="false" />
            <line number="75" hits="0" branch="false" />
            <line number="76" hits="0" branch="false" />
            <line number="77" hits="0" branch="false" />
            <line number="78" hits="0" branch="false" />
            <line number="81" hits="0" branch="false" />
            <line number="82" hits="0" branch="true" condition-coverage="0% (0/2)" />
            <line number="83" hits="0" branch="false" />
            <line number="84" hits="0" branch="false" />
            <line number="85" hits="0" branch="false" />
            <line number="87" hits="0" branch="false" />
            <line number="88" hits="0" branch="true" condition-coverage="0% (0/2)" />
            <line number="89" hits="0" branch="false" />
            <line number="90" hits="0" branch="false" />
            <line number="91" hits="0" branch="false" />
            <line number="93" hits="0" branch="false" />
            <line number="94" hits="0" branch="false" />
          </lines>
        </class>
      </classes>
    </package>
  </packages>
</coverage>